#-----------------------------------------------------------
# Webtalk v2014.3.1 (64-bit)
# SW Build 1034051 on Fri Oct  3 16:51:12 MDT 2014
# 
# Start of session at: Thu Apr 23 18:15:53 2015
# Process ID: 7908
# Log file: T:/accel_2.0/accel.sdk/webtalk/webtalk.log
# Journal file: T:/accel_2.0/accel.sdk/webtalk\webtalk.jou
#-----------------------------------------------------------
WARNING: [Common 17-204] Your XILINX environment variable is undefined. You will not be able to run Synthesis and Implementation using ISE based strategies, or import ngc netlists. Please set up your XILINX environment to get full functionality.
source sdk_webtalk.tcl
# webtalk_init -webtalk_dir T:\\accel_2.0\\accel.sdk\\webtalk
# webtalk_register_client -client project
# webtalk_add_data -client project -key date_generated -value "Thu Apr 23 18:15:51 2015" -context "software_version_and_target_device"
# webtalk_add_data -client project -key product_version -value "SDK v2014.3" -context "software_version_and_target_device"
# webtalk_add_data -client project -key build_version -value "2014.3" -context "software_version_and_target_device"
# webtalk_add_data -client project -key os_platform -value "amd64" -context "software_version_and_target_device"
# webtalk_add_data -client project -key registration_id -value "174654998_174670000_210598738_144" -context "software_version_and_target_device"
# webtalk_add_data -client project -key tool_flow -value "SDK" -context "software_version_and_target_device"
# webtalk_add_data -client project -key beta -value "false" -context "software_version_and_target_device"
# webtalk_add_data -client project -key route_design -value "NA" -context "software_version_and_target_device"
# webtalk_add_data -client project -key target_family -value "NA" -context "software_version_and_target_device"
# webtalk_add_data -client project -key target_device -value "NA" -context "software_version_and_target_device"
# webtalk_add_data -client project -key target_package -value "NA" -context "software_version_and_target_device"
# webtalk_add_data -client project -key target_speed -value "NA" -context "software_version_and_target_device"
# webtalk_add_data -client project -key random_id -value "ni9jvp620au9m16iqa6vafffl7" -context "software_version_and_target_device"
# webtalk_add_data -client project -key project_id -value "2014.3_1" -context "software_version_and_target_device"
# webtalk_add_data -client project -key project_iteration -value "1" -context "software_version_and_target_device"
# webtalk_add_data -client project -key os_name -value "Microsoft Windows 7 , 64-bit" -context "user_environment"
# webtalk_add_data -client project -key os_release -value "Service Pack 1  (build 7601)" -context "user_environment"
# webtalk_add_data -client project -key cpu_name -value "Intel(R) Xeon(R) CPU           W3520  @ 2.67GHz" -context "user_environment"
# webtalk_add_data -client project -key cpu_speed -value "2666 MHz" -context "user_environment"
# webtalk_add_data -client project -key total_processors -value "1" -context "user_environment"
# webtalk_add_data -client project -key system_ram -value "8.000 GB" -context "user_environment"
# webtalk_register_client -client sdk
# webtalk_add_data -client sdk -key uid -value "1429826076607" -context "sdk\\\\hardware/1429826076607"
# webtalk_add_data -client sdk -key isZynq -value "true" -context "sdk\\\\hardware/1429826076607"
# webtalk_add_data -client sdk -key Processors -value "2" -context "sdk\\\\hardware/1429826076607"
# webtalk_add_data -client sdk -key VivadoVersion -value "2014.4" -context "sdk\\\\hardware/1429826076607"
# webtalk_add_data -client sdk -key Arch -value "zynq" -context "sdk\\\\hardware/1429826076607"
# webtalk_add_data -client sdk -key Device -value "7z010" -context "sdk\\\\hardware/1429826076607"
# webtalk_add_data -client sdk -key IsHandoff -value "true" -context "sdk\\\\hardware/1429826076607"
# webtalk_add_data -client sdk -key uid -value "1429826092947" -context "sdk\\\\bsp/1429826092947"
# webtalk_add_data -client sdk -key hwid -value "1429826076607" -context "sdk\\\\bsp/1429826092947"
# webtalk_add_data -client sdk -key os -value "standalone" -context "sdk\\\\bsp/1429826092947"
# webtalk_add_data -client sdk -key apptemplate -value "hello_world" -context "sdk\\\\bsp/1429826092947"
# webtalk_add_data -client sdk -key uid -value "1429826095814" -context "sdk\\\\application/1429826095814"
# webtalk_add_data -client sdk -key hwid -value "1429826076607" -context "sdk\\\\application/1429826095814"
# webtalk_add_data -client sdk -key bspid -value "1429826092947" -context "sdk\\\\application/1429826095814"
# webtalk_add_data -client sdk -key newbsp -value "true" -context "sdk\\\\application/1429826095814"
# webtalk_add_data -client sdk -key os -value "standalone" -context "sdk\\\\application/1429826095814"
# webtalk_add_data -client sdk -key apptemplate -value "hello_world" -context "sdk\\\\application/1429826095814"
# webtalk_transmit -clientid 556027376 -regid "174654998_174670000_210598738_144" -xml T:\\accel_2.0\\accel.sdk\\webtalk\\usage_statistics_ext_sdk.xml -html T:\\accel_2.0\\accel.sdk\\webtalk\\usage_statistics_ext_sdk.html -wdm T:\\accel_2.0\\accel.sdk\\webtalk\\sdk_webtalk.wdm -intro "<H3>SDK Usage Report</H3><BR>"
webtalk_transmit: Time (s): cpu = 00:00:00 ; elapsed = 00:00:13 . Memory (MB): peak = 60.859 ; gain = 0.020

    while executing
"webtalk_transmit -clientid 556027376 -regid "174654998_174670000_210598738_144" -xml T:\\accel_2.0\\accel.sdk\\webtalk\\usage_statistics_ext_sdk.xml -..."
    (file "sdk_webtalk.tcl" line 42)
INFO: [Common 17-206] Exiting Webtalk at Thu Apr 23 18:16:08 2015...
